find_executable: checking for pg_config... -------------------- no

--------------------

find_header: checking for libpq-fe.h... -------------------- yes

"gcc -o conftest -IC:/ruby/include/ruby-1.9.1/i386-mingw32 -IC:/ruby/include/ruby-1.9.1/ruby/backward -IC:/ruby/include/ruby-1.9.1 -I. -IC:/build/new/installer/xml/binaries-win32/postgresql/include     -O3 -fno-omit-frame-pointer -g -Wextra -Wno-unused-parameter -Wno-parentheses -Wno-long-long -Wno-missing-field-initializers -Wpointer-arith -Wwrite-strings -Wdeclaration-after-statement -Wimplicit-function-declaration conftest.c  -L. -LC:/ruby/lib -LC:/build/new/installer/xml/binaries-win32/postgresql/lib -L.      -lmsvcrt-ruby191  -lshell32 -lws2_32 -limagehlp  "
checked program was:
/* begin */
1: #include "ruby.h"
2: 
3: #include <winsock2.h>
4: #include <windows.h>
5: int main() {return 0;}
/* end */

"gcc -E -IC:/ruby/include/ruby-1.9.1/i386-mingw32 -IC:/ruby/include/ruby-1.9.1/ruby/backward -IC:/ruby/include/ruby-1.9.1 -I. -IC:/build/new/installer/xml/binaries-win32/postgresql/include     -O3 -fno-omit-frame-pointer -g -Wextra -Wno-unused-parameter -Wno-parentheses -Wno-long-long -Wno-missing-field-initializers -Wpointer-arith -Wwrite-strings -Wdeclaration-after-statement -Wimplicit-function-declaration  conftest.c -o conftest.i"
checked program was:
/* begin */
1: #include "ruby.h"
2: 
3: #include <winsock2.h>
4: #include <windows.h>
5: #include <libpq-fe.h>
/* end */

--------------------

find_header: checking for libpq/libpq-fs.h... -------------------- yes

"gcc -E -IC:/ruby/include/ruby-1.9.1/i386-mingw32 -IC:/ruby/include/ruby-1.9.1/ruby/backward -IC:/ruby/include/ruby-1.9.1 -I. -IC:/build/new/installer/xml/binaries-win32/postgresql/include     -O3 -fno-omit-frame-pointer -g -Wextra -Wno-unused-parameter -Wno-parentheses -Wno-long-long -Wno-missing-field-initializers -Wpointer-arith -Wwrite-strings -Wdeclaration-after-statement -Wimplicit-function-declaration  conftest.c -o conftest.i"
checked program was:
/* begin */
1: #include "ruby.h"
2: 
3: #include <winsock2.h>
4: #include <windows.h>
5: #include <libpq/libpq-fs.h>
/* end */

--------------------

find_header: checking for pg_config_manual.h... -------------------- yes

"gcc -E -IC:/ruby/include/ruby-1.9.1/i386-mingw32 -IC:/ruby/include/ruby-1.9.1/ruby/backward -IC:/ruby/include/ruby-1.9.1 -I. -IC:/build/new/installer/xml/binaries-win32/postgresql/include     -O3 -fno-omit-frame-pointer -g -Wextra -Wno-unused-parameter -Wno-parentheses -Wno-long-long -Wno-missing-field-initializers -Wpointer-arith -Wwrite-strings -Wdeclaration-after-statement -Wimplicit-function-declaration  conftest.c -o conftest.i"
checked program was:
/* begin */
1: #include "ruby.h"
2: 
3: #include <winsock2.h>
4: #include <windows.h>
5: #include <pg_config_manual.h>
/* end */

--------------------

have_library: checking for PQconnectdb() in -lpq... -------------------- yes

"gcc -o conftest -IC:/ruby/include/ruby-1.9.1/i386-mingw32 -IC:/ruby/include/ruby-1.9.1/ruby/backward -IC:/ruby/include/ruby-1.9.1 -I. -IC:/build/new/installer/xml/binaries-win32/postgresql/include     -O3 -fno-omit-frame-pointer -g -Wextra -Wno-unused-parameter -Wno-parentheses -Wno-long-long -Wno-missing-field-initializers -Wpointer-arith -Wwrite-strings -Wdeclaration-after-statement -Wimplicit-function-declaration conftest.c  -L. -LC:/ruby/lib -LC:/build/new/installer/xml/binaries-win32/postgresql/lib -L.      -lmsvcrt-ruby191 -lpq  -lshell32 -lws2_32 -limagehlp  "
checked program was:
/* begin */
1: #include "ruby.h"
2: 
3: #include <winsock2.h>
4: #include <windows.h>
5: #include <libpq-fe.h>
6: 
7: /*top*/
8: int main() {return 0;}
9: int t() { void ((*volatile p)()); p = (void ((*)()))PQconnectdb; return 0; }
/* end */

--------------------

have_func: checking for PQconnectionUsedPassword()... -------------------- yes

"gcc -o conftest -IC:/ruby/include/ruby-1.9.1/i386-mingw32 -IC:/ruby/include/ruby-1.9.1/ruby/backward -IC:/ruby/include/ruby-1.9.1 -I. -IC:/build/new/installer/xml/binaries-win32/postgresql/include     -O3 -fno-omit-frame-pointer -g -Wextra -Wno-unused-parameter -Wno-parentheses -Wno-long-long -Wno-missing-field-initializers -Wpointer-arith -Wwrite-strings -Wdeclaration-after-statement -Wimplicit-function-declaration conftest.c  -L. -LC:/ruby/lib -LC:/build/new/installer/xml/binaries-win32/postgresql/lib -L.     -lpq  -lmsvcrt-ruby191 -lpq  -lshell32 -lws2_32 -limagehlp  "
conftest.c: In function 't':
conftest.c:8:53: error: 'PQconnectionUsedPassword' undeclared (first use in this function)
conftest.c:8:53: note: each undeclared identifier is reported only once for each function it appears in
checked program was:
/* begin */
1: #include "ruby.h"
2: 
3: #include <winsock2.h>
4: #include <windows.h>
5: 
6: /*top*/
7: int main() {return 0;}
8: int t() { void ((*volatile p)()); p = (void ((*)()))PQconnectionUsedPassword; return 0; }
/* end */

"gcc -o conftest -IC:/ruby/include/ruby-1.9.1/i386-mingw32 -IC:/ruby/include/ruby-1.9.1/ruby/backward -IC:/ruby/include/ruby-1.9.1 -I. -IC:/build/new/installer/xml/binaries-win32/postgresql/include     -O3 -fno-omit-frame-pointer -g -Wextra -Wno-unused-parameter -Wno-parentheses -Wno-long-long -Wno-missing-field-initializers -Wpointer-arith -Wwrite-strings -Wdeclaration-after-statement -Wimplicit-function-declaration conftest.c  -L. -LC:/ruby/lib -LC:/build/new/installer/xml/binaries-win32/postgresql/lib -L.     -lpq  -lmsvcrt-ruby191 -lpq  -lshell32 -lws2_32 -limagehlp  "
conftest.c: In function 't':
conftest.c:8:1: warning: implicit declaration of function 'PQconnectionUsedPassword'
checked program was:
/* begin */
1: #include "ruby.h"
2: 
3: #include <winsock2.h>
4: #include <windows.h>
5: 
6: /*top*/
7: int main() {return 0;}
8: int t() { PQconnectionUsedPassword(); return 0; }
/* end */

--------------------

have_func: checking for PQisthreadsafe()... -------------------- yes

"gcc -o conftest -IC:/ruby/include/ruby-1.9.1/i386-mingw32 -IC:/ruby/include/ruby-1.9.1/ruby/backward -IC:/ruby/include/ruby-1.9.1 -I. -IC:/build/new/installer/xml/binaries-win32/postgresql/include     -O3 -fno-omit-frame-pointer -g -Wextra -Wno-unused-parameter -Wno-parentheses -Wno-long-long -Wno-missing-field-initializers -Wpointer-arith -Wwrite-strings -Wdeclaration-after-statement -Wimplicit-function-declaration conftest.c  -L. -LC:/ruby/lib -LC:/build/new/installer/xml/binaries-win32/postgresql/lib -L.     -lpq  -lmsvcrt-ruby191 -lpq  -lshell32 -lws2_32 -limagehlp  "
conftest.c: In function 't':
conftest.c:8:53: error: 'PQisthreadsafe' undeclared (first use in this function)
conftest.c:8:53: note: each undeclared identifier is reported only once for each function it appears in
checked program was:
/* begin */
1: #include "ruby.h"
2: 
3: #include <winsock2.h>
4: #include <windows.h>
5: 
6: /*top*/
7: int main() {return 0;}
8: int t() { void ((*volatile p)()); p = (void ((*)()))PQisthreadsafe; return 0; }
/* end */

"gcc -o conftest -IC:/ruby/include/ruby-1.9.1/i386-mingw32 -IC:/ruby/include/ruby-1.9.1/ruby/backward -IC:/ruby/include/ruby-1.9.1 -I. -IC:/build/new/installer/xml/binaries-win32/postgresql/include     -O3 -fno-omit-frame-pointer -g -Wextra -Wno-unused-parameter -Wno-parentheses -Wno-long-long -Wno-missing-field-initializers -Wpointer-arith -Wwrite-strings -Wdeclaration-after-statement -Wimplicit-function-declaration conftest.c  -L. -LC:/ruby/lib -LC:/build/new/installer/xml/binaries-win32/postgresql/lib -L.     -lpq  -lmsvcrt-ruby191 -lpq  -lshell32 -lws2_32 -limagehlp  "
conftest.c: In function 't':
conftest.c:8:1: warning: implicit declaration of function 'PQisthreadsafe'
checked program was:
/* begin */
1: #include "ruby.h"
2: 
3: #include <winsock2.h>
4: #include <windows.h>
5: 
6: /*top*/
7: int main() {return 0;}
8: int t() { PQisthreadsafe(); return 0; }
/* end */

--------------------

have_func: checking for PQprepare()... -------------------- yes

"gcc -o conftest -IC:/ruby/include/ruby-1.9.1/i386-mingw32 -IC:/ruby/include/ruby-1.9.1/ruby/backward -IC:/ruby/include/ruby-1.9.1 -I. -IC:/build/new/installer/xml/binaries-win32/postgresql/include     -O3 -fno-omit-frame-pointer -g -Wextra -Wno-unused-parameter -Wno-parentheses -Wno-long-long -Wno-missing-field-initializers -Wpointer-arith -Wwrite-strings -Wdeclaration-after-statement -Wimplicit-function-declaration conftest.c  -L. -LC:/ruby/lib -LC:/build/new/installer/xml/binaries-win32/postgresql/lib -L.     -lpq  -lmsvcrt-ruby191 -lpq  -lshell32 -lws2_32 -limagehlp  "
conftest.c: In function 't':
conftest.c:8:53: error: 'PQprepare' undeclared (first use in this function)
conftest.c:8:53: note: each undeclared identifier is reported only once for each function it appears in
checked program was:
/* begin */
1: #include "ruby.h"
2: 
3: #include <winsock2.h>
4: #include <windows.h>
5: 
6: /*top*/
7: int main() {return 0;}
8: int t() { void ((*volatile p)()); p = (void ((*)()))PQprepare; return 0; }
/* end */

"gcc -o conftest -IC:/ruby/include/ruby-1.9.1/i386-mingw32 -IC:/ruby/include/ruby-1.9.1/ruby/backward -IC:/ruby/include/ruby-1.9.1 -I. -IC:/build/new/installer/xml/binaries-win32/postgresql/include     -O3 -fno-omit-frame-pointer -g -Wextra -Wno-unused-parameter -Wno-parentheses -Wno-long-long -Wno-missing-field-initializers -Wpointer-arith -Wwrite-strings -Wdeclaration-after-statement -Wimplicit-function-declaration conftest.c  -L. -LC:/ruby/lib -LC:/build/new/installer/xml/binaries-win32/postgresql/lib -L.     -lpq  -lmsvcrt-ruby191 -lpq  -lshell32 -lws2_32 -limagehlp  "
conftest.c: In function 't':
conftest.c:8:1: warning: implicit declaration of function 'PQprepare'
checked program was:
/* begin */
1: #include "ruby.h"
2: 
3: #include <winsock2.h>
4: #include <windows.h>
5: 
6: /*top*/
7: int main() {return 0;}
8: int t() { PQprepare(); return 0; }
/* end */

--------------------

have_func: checking for PQexecParams()... -------------------- yes

"gcc -o conftest -IC:/ruby/include/ruby-1.9.1/i386-mingw32 -IC:/ruby/include/ruby-1.9.1/ruby/backward -IC:/ruby/include/ruby-1.9.1 -I. -IC:/build/new/installer/xml/binaries-win32/postgresql/include     -O3 -fno-omit-frame-pointer -g -Wextra -Wno-unused-parameter -Wno-parentheses -Wno-long-long -Wno-missing-field-initializers -Wpointer-arith -Wwrite-strings -Wdeclaration-after-statement -Wimplicit-function-declaration conftest.c  -L. -LC:/ruby/lib -LC:/build/new/installer/xml/binaries-win32/postgresql/lib -L.     -lpq  -lmsvcrt-ruby191 -lpq  -lshell32 -lws2_32 -limagehlp  "
conftest.c: In function 't':
conftest.c:8:53: error: 'PQexecParams' undeclared (first use in this function)
conftest.c:8:53: note: each undeclared identifier is reported only once for each function it appears in
checked program was:
/* begin */
1: #include "ruby.h"
2: 
3: #include <winsock2.h>
4: #include <windows.h>
5: 
6: /*top*/
7: int main() {return 0;}
8: int t() { void ((*volatile p)()); p = (void ((*)()))PQexecParams; return 0; }
/* end */

"gcc -o conftest -IC:/ruby/include/ruby-1.9.1/i386-mingw32 -IC:/ruby/include/ruby-1.9.1/ruby/backward -IC:/ruby/include/ruby-1.9.1 -I. -IC:/build/new/installer/xml/binaries-win32/postgresql/include     -O3 -fno-omit-frame-pointer -g -Wextra -Wno-unused-parameter -Wno-parentheses -Wno-long-long -Wno-missing-field-initializers -Wpointer-arith -Wwrite-strings -Wdeclaration-after-statement -Wimplicit-function-declaration conftest.c  -L. -LC:/ruby/lib -LC:/build/new/installer/xml/binaries-win32/postgresql/lib -L.     -lpq  -lmsvcrt-ruby191 -lpq  -lshell32 -lws2_32 -limagehlp  "
conftest.c: In function 't':
conftest.c:8:1: warning: implicit declaration of function 'PQexecParams'
checked program was:
/* begin */
1: #include "ruby.h"
2: 
3: #include <winsock2.h>
4: #include <windows.h>
5: 
6: /*top*/
7: int main() {return 0;}
8: int t() { PQexecParams(); return 0; }
/* end */

--------------------

have_func: checking for PQescapeString()... -------------------- yes

"gcc -o conftest -IC:/ruby/include/ruby-1.9.1/i386-mingw32 -IC:/ruby/include/ruby-1.9.1/ruby/backward -IC:/ruby/include/ruby-1.9.1 -I. -IC:/build/new/installer/xml/binaries-win32/postgresql/include     -O3 -fno-omit-frame-pointer -g -Wextra -Wno-unused-parameter -Wno-parentheses -Wno-long-long -Wno-missing-field-initializers -Wpointer-arith -Wwrite-strings -Wdeclaration-after-statement -Wimplicit-function-declaration conftest.c  -L. -LC:/ruby/lib -LC:/build/new/installer/xml/binaries-win32/postgresql/lib -L.     -lpq  -lmsvcrt-ruby191 -lpq  -lshell32 -lws2_32 -limagehlp  "
conftest.c: In function 't':
conftest.c:8:53: error: 'PQescapeString' undeclared (first use in this function)
conftest.c:8:53: note: each undeclared identifier is reported only once for each function it appears in
checked program was:
/* begin */
1: #include "ruby.h"
2: 
3: #include <winsock2.h>
4: #include <windows.h>
5: 
6: /*top*/
7: int main() {return 0;}
8: int t() { void ((*volatile p)()); p = (void ((*)()))PQescapeString; return 0; }
/* end */

"gcc -o conftest -IC:/ruby/include/ruby-1.9.1/i386-mingw32 -IC:/ruby/include/ruby-1.9.1/ruby/backward -IC:/ruby/include/ruby-1.9.1 -I. -IC:/build/new/installer/xml/binaries-win32/postgresql/include     -O3 -fno-omit-frame-pointer -g -Wextra -Wno-unused-parameter -Wno-parentheses -Wno-long-long -Wno-missing-field-initializers -Wpointer-arith -Wwrite-strings -Wdeclaration-after-statement -Wimplicit-function-declaration conftest.c  -L. -LC:/ruby/lib -LC:/build/new/installer/xml/binaries-win32/postgresql/lib -L.     -lpq  -lmsvcrt-ruby191 -lpq  -lshell32 -lws2_32 -limagehlp  "
conftest.c: In function 't':
conftest.c:8:1: warning: implicit declaration of function 'PQescapeString'
checked program was:
/* begin */
1: #include "ruby.h"
2: 
3: #include <winsock2.h>
4: #include <windows.h>
5: 
6: /*top*/
7: int main() {return 0;}
8: int t() { PQescapeString(); return 0; }
/* end */

--------------------

have_func: checking for PQescapeStringConn()... -------------------- yes

"gcc -o conftest -IC:/ruby/include/ruby-1.9.1/i386-mingw32 -IC:/ruby/include/ruby-1.9.1/ruby/backward -IC:/ruby/include/ruby-1.9.1 -I. -IC:/build/new/installer/xml/binaries-win32/postgresql/include     -O3 -fno-omit-frame-pointer -g -Wextra -Wno-unused-parameter -Wno-parentheses -Wno-long-long -Wno-missing-field-initializers -Wpointer-arith -Wwrite-strings -Wdeclaration-after-statement -Wimplicit-function-declaration conftest.c  -L. -LC:/ruby/lib -LC:/build/new/installer/xml/binaries-win32/postgresql/lib -L.     -lpq  -lmsvcrt-ruby191 -lpq  -lshell32 -lws2_32 -limagehlp  "
conftest.c: In function 't':
conftest.c:8:53: error: 'PQescapeStringConn' undeclared (first use in this function)
conftest.c:8:53: note: each undeclared identifier is reported only once for each function it appears in
checked program was:
/* begin */
1: #include "ruby.h"
2: 
3: #include <winsock2.h>
4: #include <windows.h>
5: 
6: /*top*/
7: int main() {return 0;}
8: int t() { void ((*volatile p)()); p = (void ((*)()))PQescapeStringConn; return 0; }
/* end */

"gcc -o conftest -IC:/ruby/include/ruby-1.9.1/i386-mingw32 -IC:/ruby/include/ruby-1.9.1/ruby/backward -IC:/ruby/include/ruby-1.9.1 -I. -IC:/build/new/installer/xml/binaries-win32/postgresql/include     -O3 -fno-omit-frame-pointer -g -Wextra -Wno-unused-parameter -Wno-parentheses -Wno-long-long -Wno-missing-field-initializers -Wpointer-arith -Wwrite-strings -Wdeclaration-after-statement -Wimplicit-function-declaration conftest.c  -L. -LC:/ruby/lib -LC:/build/new/installer/xml/binaries-win32/postgresql/lib -L.     -lpq  -lmsvcrt-ruby191 -lpq  -lshell32 -lws2_32 -limagehlp  "
conftest.c: In function 't':
conftest.c:8:1: warning: implicit declaration of function 'PQescapeStringConn'
checked program was:
/* begin */
1: #include "ruby.h"
2: 
3: #include <winsock2.h>
4: #include <windows.h>
5: 
6: /*top*/
7: int main() {return 0;}
8: int t() { PQescapeStringConn(); return 0; }
/* end */

--------------------

have_func: checking for PQgetCancel()... -------------------- yes

"gcc -o conftest -IC:/ruby/include/ruby-1.9.1/i386-mingw32 -IC:/ruby/include/ruby-1.9.1/ruby/backward -IC:/ruby/include/ruby-1.9.1 -I. -IC:/build/new/installer/xml/binaries-win32/postgresql/include     -O3 -fno-omit-frame-pointer -g -Wextra -Wno-unused-parameter -Wno-parentheses -Wno-long-long -Wno-missing-field-initializers -Wpointer-arith -Wwrite-strings -Wdeclaration-after-statement -Wimplicit-function-declaration conftest.c  -L. -LC:/ruby/lib -LC:/build/new/installer/xml/binaries-win32/postgresql/lib -L.     -lpq  -lmsvcrt-ruby191 -lpq  -lshell32 -lws2_32 -limagehlp  "
conftest.c: In function 't':
conftest.c:8:53: error: 'PQgetCancel' undeclared (first use in this function)
conftest.c:8:53: note: each undeclared identifier is reported only once for each function it appears in
checked program was:
/* begin */
1: #include "ruby.h"
2: 
3: #include <winsock2.h>
4: #include <windows.h>
5: 
6: /*top*/
7: int main() {return 0;}
8: int t() { void ((*volatile p)()); p = (void ((*)()))PQgetCancel; return 0; }
/* end */

"gcc -o conftest -IC:/ruby/include/ruby-1.9.1/i386-mingw32 -IC:/ruby/include/ruby-1.9.1/ruby/backward -IC:/ruby/include/ruby-1.9.1 -I. -IC:/build/new/installer/xml/binaries-win32/postgresql/include     -O3 -fno-omit-frame-pointer -g -Wextra -Wno-unused-parameter -Wno-parentheses -Wno-long-long -Wno-missing-field-initializers -Wpointer-arith -Wwrite-strings -Wdeclaration-after-statement -Wimplicit-function-declaration conftest.c  -L. -LC:/ruby/lib -LC:/build/new/installer/xml/binaries-win32/postgresql/lib -L.     -lpq  -lmsvcrt-ruby191 -lpq  -lshell32 -lws2_32 -limagehlp  "
conftest.c: In function 't':
conftest.c:8:1: warning: implicit declaration of function 'PQgetCancel'
checked program was:
/* begin */
1: #include "ruby.h"
2: 
3: #include <winsock2.h>
4: #include <windows.h>
5: 
6: /*top*/
7: int main() {return 0;}
8: int t() { PQgetCancel(); return 0; }
/* end */

--------------------

have_func: checking for lo_create()... -------------------- yes

"gcc -o conftest -IC:/ruby/include/ruby-1.9.1/i386-mingw32 -IC:/ruby/include/ruby-1.9.1/ruby/backward -IC:/ruby/include/ruby-1.9.1 -I. -IC:/build/new/installer/xml/binaries-win32/postgresql/include     -O3 -fno-omit-frame-pointer -g -Wextra -Wno-unused-parameter -Wno-parentheses -Wno-long-long -Wno-missing-field-initializers -Wpointer-arith -Wwrite-strings -Wdeclaration-after-statement -Wimplicit-function-declaration conftest.c  -L. -LC:/ruby/lib -LC:/build/new/installer/xml/binaries-win32/postgresql/lib -L.     -lpq  -lmsvcrt-ruby191 -lpq  -lshell32 -lws2_32 -limagehlp  "
conftest.c: In function 't':
conftest.c:8:53: error: 'lo_create' undeclared (first use in this function)
conftest.c:8:53: note: each undeclared identifier is reported only once for each function it appears in
checked program was:
/* begin */
1: #include "ruby.h"
2: 
3: #include <winsock2.h>
4: #include <windows.h>
5: 
6: /*top*/
7: int main() {return 0;}
8: int t() { void ((*volatile p)()); p = (void ((*)()))lo_create; return 0; }
/* end */

"gcc -o conftest -IC:/ruby/include/ruby-1.9.1/i386-mingw32 -IC:/ruby/include/ruby-1.9.1/ruby/backward -IC:/ruby/include/ruby-1.9.1 -I. -IC:/build/new/installer/xml/binaries-win32/postgresql/include     -O3 -fno-omit-frame-pointer -g -Wextra -Wno-unused-parameter -Wno-parentheses -Wno-long-long -Wno-missing-field-initializers -Wpointer-arith -Wwrite-strings -Wdeclaration-after-statement -Wimplicit-function-declaration conftest.c  -L. -LC:/ruby/lib -LC:/build/new/installer/xml/binaries-win32/postgresql/lib -L.     -lpq  -lmsvcrt-ruby191 -lpq  -lshell32 -lws2_32 -limagehlp  "
conftest.c: In function 't':
conftest.c:8:1: warning: implicit declaration of function 'lo_create'
checked program was:
/* begin */
1: #include "ruby.h"
2: 
3: #include <winsock2.h>
4: #include <windows.h>
5: 
6: /*top*/
7: int main() {return 0;}
8: int t() { lo_create(); return 0; }
/* end */

--------------------

have_func: checking for pg_encoding_to_char()... -------------------- yes

"gcc -o conftest -IC:/ruby/include/ruby-1.9.1/i386-mingw32 -IC:/ruby/include/ruby-1.9.1/ruby/backward -IC:/ruby/include/ruby-1.9.1 -I. -IC:/build/new/installer/xml/binaries-win32/postgresql/include     -O3 -fno-omit-frame-pointer -g -Wextra -Wno-unused-parameter -Wno-parentheses -Wno-long-long -Wno-missing-field-initializers -Wpointer-arith -Wwrite-strings -Wdeclaration-after-statement -Wimplicit-function-declaration conftest.c  -L. -LC:/ruby/lib -LC:/build/new/installer/xml/binaries-win32/postgresql/lib -L.     -lpq  -lmsvcrt-ruby191 -lpq  -lshell32 -lws2_32 -limagehlp  "
conftest.c: In function 't':
conftest.c:8:53: error: 'pg_encoding_to_char' undeclared (first use in this function)
conftest.c:8:53: note: each undeclared identifier is reported only once for each function it appears in
checked program was:
/* begin */
1: #include "ruby.h"
2: 
3: #include <winsock2.h>
4: #include <windows.h>
5: 
6: /*top*/
7: int main() {return 0;}
8: int t() { void ((*volatile p)()); p = (void ((*)()))pg_encoding_to_char; return 0; }
/* end */

"gcc -o conftest -IC:/ruby/include/ruby-1.9.1/i386-mingw32 -IC:/ruby/include/ruby-1.9.1/ruby/backward -IC:/ruby/include/ruby-1.9.1 -I. -IC:/build/new/installer/xml/binaries-win32/postgresql/include     -O3 -fno-omit-frame-pointer -g -Wextra -Wno-unused-parameter -Wno-parentheses -Wno-long-long -Wno-missing-field-initializers -Wpointer-arith -Wwrite-strings -Wdeclaration-after-statement -Wimplicit-function-declaration conftest.c  -L. -LC:/ruby/lib -LC:/build/new/installer/xml/binaries-win32/postgresql/lib -L.     -lpq  -lmsvcrt-ruby191 -lpq  -lshell32 -lws2_32 -limagehlp  "
conftest.c: In function 't':
conftest.c:8:1: warning: implicit declaration of function 'pg_encoding_to_char'
checked program was:
/* begin */
1: #include "ruby.h"
2: 
3: #include <winsock2.h>
4: #include <windows.h>
5: 
6: /*top*/
7: int main() {return 0;}
8: int t() { pg_encoding_to_char(); return 0; }
/* end */

--------------------

have_func: checking for pg_char_to_encoding()... -------------------- yes

"gcc -o conftest -IC:/ruby/include/ruby-1.9.1/i386-mingw32 -IC:/ruby/include/ruby-1.9.1/ruby/backward -IC:/ruby/include/ruby-1.9.1 -I. -IC:/build/new/installer/xml/binaries-win32/postgresql/include     -O3 -fno-omit-frame-pointer -g -Wextra -Wno-unused-parameter -Wno-parentheses -Wno-long-long -Wno-missing-field-initializers -Wpointer-arith -Wwrite-strings -Wdeclaration-after-statement -Wimplicit-function-declaration conftest.c  -L. -LC:/ruby/lib -LC:/build/new/installer/xml/binaries-win32/postgresql/lib -L.     -lpq  -lmsvcrt-ruby191 -lpq  -lshell32 -lws2_32 -limagehlp  "
conftest.c: In function 't':
conftest.c:8:53: error: 'pg_char_to_encoding' undeclared (first use in this function)
conftest.c:8:53: note: each undeclared identifier is reported only once for each function it appears in
checked program was:
/* begin */
1: #include "ruby.h"
2: 
3: #include <winsock2.h>
4: #include <windows.h>
5: 
6: /*top*/
7: int main() {return 0;}
8: int t() { void ((*volatile p)()); p = (void ((*)()))pg_char_to_encoding; return 0; }
/* end */

"gcc -o conftest -IC:/ruby/include/ruby-1.9.1/i386-mingw32 -IC:/ruby/include/ruby-1.9.1/ruby/backward -IC:/ruby/include/ruby-1.9.1 -I. -IC:/build/new/installer/xml/binaries-win32/postgresql/include     -O3 -fno-omit-frame-pointer -g -Wextra -Wno-unused-parameter -Wno-parentheses -Wno-long-long -Wno-missing-field-initializers -Wpointer-arith -Wwrite-strings -Wdeclaration-after-statement -Wimplicit-function-declaration conftest.c  -L. -LC:/ruby/lib -LC:/build/new/installer/xml/binaries-win32/postgresql/lib -L.     -lpq  -lmsvcrt-ruby191 -lpq  -lshell32 -lws2_32 -limagehlp  "
conftest.c: In function 't':
conftest.c:8:1: warning: implicit declaration of function 'pg_char_to_encoding'
checked program was:
/* begin */
1: #include "ruby.h"
2: 
3: #include <winsock2.h>
4: #include <windows.h>
5: 
6: /*top*/
7: int main() {return 0;}
8: int t() { pg_char_to_encoding(); return 0; }
/* end */

--------------------

have_func: checking for PQsetClientEncoding()... -------------------- yes

"gcc -o conftest -IC:/ruby/include/ruby-1.9.1/i386-mingw32 -IC:/ruby/include/ruby-1.9.1/ruby/backward -IC:/ruby/include/ruby-1.9.1 -I. -IC:/build/new/installer/xml/binaries-win32/postgresql/include     -O3 -fno-omit-frame-pointer -g -Wextra -Wno-unused-parameter -Wno-parentheses -Wno-long-long -Wno-missing-field-initializers -Wpointer-arith -Wwrite-strings -Wdeclaration-after-statement -Wimplicit-function-declaration conftest.c  -L. -LC:/ruby/lib -LC:/build/new/installer/xml/binaries-win32/postgresql/lib -L.     -lpq  -lmsvcrt-ruby191 -lpq  -lshell32 -lws2_32 -limagehlp  "
conftest.c: In function 't':
conftest.c:8:53: error: 'PQsetClientEncoding' undeclared (first use in this function)
conftest.c:8:53: note: each undeclared identifier is reported only once for each function it appears in
checked program was:
/* begin */
1: #include "ruby.h"
2: 
3: #include <winsock2.h>
4: #include <windows.h>
5: 
6: /*top*/
7: int main() {return 0;}
8: int t() { void ((*volatile p)()); p = (void ((*)()))PQsetClientEncoding; return 0; }
/* end */

"gcc -o conftest -IC:/ruby/include/ruby-1.9.1/i386-mingw32 -IC:/ruby/include/ruby-1.9.1/ruby/backward -IC:/ruby/include/ruby-1.9.1 -I. -IC:/build/new/installer/xml/binaries-win32/postgresql/include     -O3 -fno-omit-frame-pointer -g -Wextra -Wno-unused-parameter -Wno-parentheses -Wno-long-long -Wno-missing-field-initializers -Wpointer-arith -Wwrite-strings -Wdeclaration-after-statement -Wimplicit-function-declaration conftest.c  -L. -LC:/ruby/lib -LC:/build/new/installer/xml/binaries-win32/postgresql/lib -L.     -lpq  -lmsvcrt-ruby191 -lpq  -lshell32 -lws2_32 -limagehlp  "
conftest.c: In function 't':
conftest.c:8:1: warning: implicit declaration of function 'PQsetClientEncoding'
checked program was:
/* begin */
1: #include "ruby.h"
2: 
3: #include <winsock2.h>
4: #include <windows.h>
5: 
6: /*top*/
7: int main() {return 0;}
8: int t() { PQsetClientEncoding(); return 0; }
/* end */

--------------------

have_func: checking for rb_encdb_alias()... -------------------- yes

"gcc -o conftest -IC:/ruby/include/ruby-1.9.1/i386-mingw32 -IC:/ruby/include/ruby-1.9.1/ruby/backward -IC:/ruby/include/ruby-1.9.1 -I. -IC:/build/new/installer/xml/binaries-win32/postgresql/include     -O3 -fno-omit-frame-pointer -g -Wextra -Wno-unused-parameter -Wno-parentheses -Wno-long-long -Wno-missing-field-initializers -Wpointer-arith -Wwrite-strings -Wdeclaration-after-statement -Wimplicit-function-declaration conftest.c  -L. -LC:/ruby/lib -LC:/build/new/installer/xml/binaries-win32/postgresql/lib -L.     -lpq  -lmsvcrt-ruby191 -lpq  -lshell32 -lws2_32 -limagehlp  "
conftest.c: In function 't':
conftest.c:8:53: error: 'rb_encdb_alias' undeclared (first use in this function)
conftest.c:8:53: note: each undeclared identifier is reported only once for each function it appears in
checked program was:
/* begin */
1: #include "ruby.h"
2: 
3: #include <winsock2.h>
4: #include <windows.h>
5: 
6: /*top*/
7: int main() {return 0;}
8: int t() { void ((*volatile p)()); p = (void ((*)()))rb_encdb_alias; return 0; }
/* end */

"gcc -o conftest -IC:/ruby/include/ruby-1.9.1/i386-mingw32 -IC:/ruby/include/ruby-1.9.1/ruby/backward -IC:/ruby/include/ruby-1.9.1 -I. -IC:/build/new/installer/xml/binaries-win32/postgresql/include     -O3 -fno-omit-frame-pointer -g -Wextra -Wno-unused-parameter -Wno-parentheses -Wno-long-long -Wno-missing-field-initializers -Wpointer-arith -Wwrite-strings -Wdeclaration-after-statement -Wimplicit-function-declaration conftest.c  -L. -LC:/ruby/lib -LC:/build/new/installer/xml/binaries-win32/postgresql/lib -L.     -lpq  -lmsvcrt-ruby191 -lpq  -lshell32 -lws2_32 -limagehlp  "
conftest.c: In function 't':
conftest.c:8:1: warning: implicit declaration of function 'rb_encdb_alias'
checked program was:
/* begin */
1: #include "ruby.h"
2: 
3: #include <winsock2.h>
4: #include <windows.h>
5: 
6: /*top*/
7: int main() {return 0;}
8: int t() { rb_encdb_alias(); return 0; }
/* end */

--------------------

have_func: checking for rb_enc_alias()... -------------------- yes

"gcc -o conftest -IC:/ruby/include/ruby-1.9.1/i386-mingw32 -IC:/ruby/include/ruby-1.9.1/ruby/backward -IC:/ruby/include/ruby-1.9.1 -I. -IC:/build/new/installer/xml/binaries-win32/postgresql/include     -O3 -fno-omit-frame-pointer -g -Wextra -Wno-unused-parameter -Wno-parentheses -Wno-long-long -Wno-missing-field-initializers -Wpointer-arith -Wwrite-strings -Wdeclaration-after-statement -Wimplicit-function-declaration conftest.c  -L. -LC:/ruby/lib -LC:/build/new/installer/xml/binaries-win32/postgresql/lib -L.     -lpq  -lmsvcrt-ruby191 -lpq  -lshell32 -lws2_32 -limagehlp  "
conftest.c: In function 't':
conftest.c:8:53: error: 'rb_enc_alias' undeclared (first use in this function)
conftest.c:8:53: note: each undeclared identifier is reported only once for each function it appears in
checked program was:
/* begin */
1: #include "ruby.h"
2: 
3: #include <winsock2.h>
4: #include <windows.h>
5: 
6: /*top*/
7: int main() {return 0;}
8: int t() { void ((*volatile p)()); p = (void ((*)()))rb_enc_alias; return 0; }
/* end */

"gcc -o conftest -IC:/ruby/include/ruby-1.9.1/i386-mingw32 -IC:/ruby/include/ruby-1.9.1/ruby/backward -IC:/ruby/include/ruby-1.9.1 -I. -IC:/build/new/installer/xml/binaries-win32/postgresql/include     -O3 -fno-omit-frame-pointer -g -Wextra -Wno-unused-parameter -Wno-parentheses -Wno-long-long -Wno-missing-field-initializers -Wpointer-arith -Wwrite-strings -Wdeclaration-after-statement -Wimplicit-function-declaration conftest.c  -L. -LC:/ruby/lib -LC:/build/new/installer/xml/binaries-win32/postgresql/lib -L.     -lpq  -lmsvcrt-ruby191 -lpq  -lshell32 -lws2_32 -limagehlp  "
conftest.c: In function 't':
conftest.c:8:1: warning: implicit declaration of function 'rb_enc_alias'
checked program was:
/* begin */
1: #include "ruby.h"
2: 
3: #include <winsock2.h>
4: #include <windows.h>
5: 
6: /*top*/
7: int main() {return 0;}
8: int t() { rb_enc_alias(); return 0; }
/* end */

--------------------

have_struct_member: checking for struct pgNotify.extra in libpq-fe.h... -------------------- yes

"gcc -IC:/ruby/include/ruby-1.9.1/i386-mingw32 -IC:/ruby/include/ruby-1.9.1/ruby/backward -IC:/ruby/include/ruby-1.9.1 -I. -IC:/build/new/installer/xml/binaries-win32/postgresql/include     -O3 -fno-omit-frame-pointer -g -Wextra -Wno-unused-parameter -Wno-parentheses -Wno-long-long -Wno-missing-field-initializers -Wpointer-arith -Wwrite-strings -Wdeclaration-after-statement -Wimplicit-function-declaration   -c conftest.c"
checked program was:
/* begin */
1: #include "ruby.h"
2: 
3: #include <winsock2.h>
4: #include <windows.h>
5: #include <libpq-fe.h>
6: 
7: /*top*/
8: int main() {return 0;}
9: int s = (char *)&((struct pgNotify*)0)->extra - (char *)0;
/* end */

--------------------

have_header: checking for unistd.h... -------------------- yes

"gcc -E -IC:/ruby/include/ruby-1.9.1/i386-mingw32 -IC:/ruby/include/ruby-1.9.1/ruby/backward -IC:/ruby/include/ruby-1.9.1 -I. -IC:/build/new/installer/xml/binaries-win32/postgresql/include     -O3 -fno-omit-frame-pointer -g -Wextra -Wno-unused-parameter -Wno-parentheses -Wno-long-long -Wno-missing-field-initializers -Wpointer-arith -Wwrite-strings -Wdeclaration-after-statement -Wimplicit-function-declaration  conftest.c -o conftest.i"
checked program was:
/* begin */
1: #include "ruby.h"
2: 
3: #include <winsock2.h>
4: #include <windows.h>
5: #include <unistd.h>
/* end */

--------------------

have_header: checking for ruby/st.h... -------------------- yes

"gcc -E -IC:/ruby/include/ruby-1.9.1/i386-mingw32 -IC:/ruby/include/ruby-1.9.1/ruby/backward -IC:/ruby/include/ruby-1.9.1 -I. -IC:/build/new/installer/xml/binaries-win32/postgresql/include     -O3 -fno-omit-frame-pointer -g -Wextra -Wno-unused-parameter -Wno-parentheses -Wno-long-long -Wno-missing-field-initializers -Wpointer-arith -Wwrite-strings -Wdeclaration-after-statement -Wimplicit-function-declaration  conftest.c -o conftest.i"
checked program was:
/* begin */
1: #include "ruby.h"
2: 
3: #include <winsock2.h>
4: #include <windows.h>
5: #include <ruby/st.h>
/* end */

--------------------

