have_var: checking for rb_trap_immediate in ruby.h,rubysig.h... -------------------- no

"gcc -o conftest -I/rapid7-build/root/ruby/include/ruby-1.9.1/i686-linux -I/rapid7-build/root/ruby/include/ruby-1.9.1/ruby/backward -I/rapid7-build/root/ruby/include/ruby-1.9.1 -I. -I/rapid7-build/root/include -D_FILE_OFFSET_BITS=64 -I/rapid7-build/root/include -I/rapid7-build/root/include -O0 -ggdb conftest.c  -L. -L/rapid7-build/root/ruby/lib -Wl,-R/rapid7-build/root/ruby/lib -L. -L/rapid7-build/root/lib -rdynamic -Wl,-export-dynamic     -Wl,-R -Wl,/rapid7-build/root/ruby/lib -L/rapid7-build/root/ruby/lib -lruby-static  -lpthread -lrt -ldl -lcrypt -lm   -lc"
checked program was:
/* begin */
1: #include "ruby.h"
2: 
3: int main() {return 0;}
/* end */

"gcc -I/rapid7-build/root/ruby/include/ruby-1.9.1/i686-linux -I/rapid7-build/root/ruby/include/ruby-1.9.1/ruby/backward -I/rapid7-build/root/ruby/include/ruby-1.9.1 -I. -I/rapid7-build/root/include -D_FILE_OFFSET_BITS=64 -I/rapid7-build/root/include -I/rapid7-build/root/include -O0 -ggdb   -c conftest.c"
In file included from conftest.c:4:
/rapid7-build/root/ruby/include/ruby-1.9.1/ruby/backward/rubysig.h:14:2: warning: #warning rubysig.h is obsolete
conftest.c: In function ‘t’:
conftest.c:8: error: ‘rb_trap_immediate’ undeclared (first use in this function)
conftest.c:8: error: (Each undeclared identifier is reported only once
conftest.c:8: error: for each function it appears in.)
checked program was:
/* begin */
1: #include "ruby.h"
2: 
3: #include <ruby.h>
4: #include <rubysig.h>
5: 
6: /*top*/
7: int main() {return 0;}
8: int t() { const volatile void *volatile p; p = &(&rb_trap_immediate)[0]; return 0; }
/* end */

--------------------

have_func: checking for rb_thread_blocking_region()... -------------------- yes

"gcc -o conftest -I/rapid7-build/root/ruby/include/ruby-1.9.1/i686-linux -I/rapid7-build/root/ruby/include/ruby-1.9.1/ruby/backward -I/rapid7-build/root/ruby/include/ruby-1.9.1 -I. -I/rapid7-build/root/include -D_FILE_OFFSET_BITS=64 -I/rapid7-build/root/include -I/rapid7-build/root/include -O0 -ggdb conftest.c  -L. -L/rapid7-build/root/ruby/lib -Wl,-R/rapid7-build/root/ruby/lib -L. -L/rapid7-build/root/lib -rdynamic -Wl,-export-dynamic     -Wl,-R -Wl,/rapid7-build/root/ruby/lib -L/rapid7-build/root/ruby/lib -lruby-static  -lpthread -lrt -ldl -lcrypt -lm   -lc"
checked program was:
/* begin */
1: #include "ruby.h"
2: 
3: /*top*/
4: int main() {return 0;}
5: int t() { void ((*volatile p)()); p = (void ((*)()))rb_thread_blocking_region; return 0; }
/* end */

--------------------

have_func: checking for inotify_init() in sys/inotify.h... -------------------- yes

"gcc -o conftest -I/rapid7-build/root/ruby/include/ruby-1.9.1/i686-linux -I/rapid7-build/root/ruby/include/ruby-1.9.1/ruby/backward -I/rapid7-build/root/ruby/include/ruby-1.9.1 -I. -I/rapid7-build/root/include -D_FILE_OFFSET_BITS=64 -I/rapid7-build/root/include -I/rapid7-build/root/include -O0 -ggdb conftest.c  -L. -L/rapid7-build/root/ruby/lib -Wl,-R/rapid7-build/root/ruby/lib -L. -L/rapid7-build/root/lib -rdynamic -Wl,-export-dynamic     -Wl,-R -Wl,/rapid7-build/root/ruby/lib -L/rapid7-build/root/ruby/lib -lruby-static  -lpthread -lrt -ldl -lcrypt -lm   -lc"
checked program was:
/* begin */
1: #include "ruby.h"
2: 
3: #include <sys/inotify.h>
4: 
5: /*top*/
6: int main() {return 0;}
7: int t() { void ((*volatile p)()); p = (void ((*)()))inotify_init; return 0; }
/* end */

--------------------

have_func: checking for writev() in sys/uio.h... -------------------- yes

"gcc -o conftest -I/rapid7-build/root/ruby/include/ruby-1.9.1/i686-linux -I/rapid7-build/root/ruby/include/ruby-1.9.1/ruby/backward -I/rapid7-build/root/ruby/include/ruby-1.9.1 -I. -I/rapid7-build/root/include -D_FILE_OFFSET_BITS=64 -I/rapid7-build/root/include -I/rapid7-build/root/include -O0 -ggdb conftest.c  -L. -L/rapid7-build/root/ruby/lib -Wl,-R/rapid7-build/root/ruby/lib -L. -L/rapid7-build/root/lib -rdynamic -Wl,-export-dynamic     -Wl,-R -Wl,/rapid7-build/root/ruby/lib -L/rapid7-build/root/ruby/lib -lruby-static  -lpthread -lrt -ldl -lcrypt -lm   -lc"
checked program was:
/* begin */
1: #include "ruby.h"
2: 
3: #include <sys/uio.h>
4: 
5: /*top*/
6: int main() {return 0;}
7: int t() { void ((*volatile p)()); p = (void ((*)()))writev; return 0; }
/* end */

--------------------

have_func: checking for rb_thread_check_ints()... -------------------- yes

"gcc -o conftest -I/rapid7-build/root/ruby/include/ruby-1.9.1/i686-linux -I/rapid7-build/root/ruby/include/ruby-1.9.1/ruby/backward -I/rapid7-build/root/ruby/include/ruby-1.9.1 -I. -I/rapid7-build/root/include -D_FILE_OFFSET_BITS=64 -I/rapid7-build/root/include -I/rapid7-build/root/include -O0 -ggdb conftest.c  -L. -L/rapid7-build/root/ruby/lib -Wl,-R/rapid7-build/root/ruby/lib -L. -L/rapid7-build/root/lib -rdynamic -Wl,-export-dynamic     -Wl,-R -Wl,/rapid7-build/root/ruby/lib -L/rapid7-build/root/ruby/lib -lruby-static  -lpthread -lrt -ldl -lcrypt -lm   -lc"
checked program was:
/* begin */
1: #include "ruby.h"
2: 
3: /*top*/
4: int main() {return 0;}
5: int t() { void ((*volatile p)()); p = (void ((*)()))rb_thread_check_ints; return 0; }
/* end */

--------------------

have_func: checking for rb_time_new()... -------------------- yes

"gcc -o conftest -I/rapid7-build/root/ruby/include/ruby-1.9.1/i686-linux -I/rapid7-build/root/ruby/include/ruby-1.9.1/ruby/backward -I/rapid7-build/root/ruby/include/ruby-1.9.1 -I. -I/rapid7-build/root/include -D_FILE_OFFSET_BITS=64 -I/rapid7-build/root/include -I/rapid7-build/root/include -O0 -ggdb conftest.c  -L. -L/rapid7-build/root/ruby/lib -Wl,-R/rapid7-build/root/ruby/lib -L. -L/rapid7-build/root/lib -rdynamic -Wl,-export-dynamic     -Wl,-R -Wl,/rapid7-build/root/ruby/lib -L/rapid7-build/root/ruby/lib -lruby-static  -lpthread -lrt -ldl -lcrypt -lm   -lc"
checked program was:
/* begin */
1: #include "ruby.h"
2: 
3: /*top*/
4: int main() {return 0;}
5: int t() { void ((*volatile p)()); p = (void ((*)()))rb_time_new; return 0; }
/* end */

--------------------

have_header: checking for sys/event.h... -------------------- no

"gcc -E -I/rapid7-build/root/ruby/include/ruby-1.9.1/i686-linux -I/rapid7-build/root/ruby/include/ruby-1.9.1/ruby/backward -I/rapid7-build/root/ruby/include/ruby-1.9.1 -I. -I/rapid7-build/root/include -D_FILE_OFFSET_BITS=64 -I/rapid7-build/root/include -I/rapid7-build/root/include -O0 -ggdb  conftest.c -o conftest.i"
conftest.c:3:23: error: sys/event.h: No such file or directory
checked program was:
/* begin */
1: #include "ruby.h"
2: 
3: #include <sys/event.h>
/* end */

--------------------

have_func: checking for epoll_create() in sys/epoll.h... -------------------- yes

"gcc -o conftest -I/rapid7-build/root/ruby/include/ruby-1.9.1/i686-linux -I/rapid7-build/root/ruby/include/ruby-1.9.1/ruby/backward -I/rapid7-build/root/ruby/include/ruby-1.9.1 -I. -I/rapid7-build/root/include -D_FILE_OFFSET_BITS=64 -I/rapid7-build/root/include -I/rapid7-build/root/include -O0 -ggdb conftest.c  -L. -L/rapid7-build/root/ruby/lib -Wl,-R/rapid7-build/root/ruby/lib -L. -L/rapid7-build/root/lib -rdynamic -Wl,-export-dynamic     -Wl,-R -Wl,/rapid7-build/root/ruby/lib -L/rapid7-build/root/ruby/lib -lruby-static  -lpthread -lrt -ldl -lcrypt -lm   -lc"
checked program was:
/* begin */
1: #include "ruby.h"
2: 
3: #include <sys/epoll.h>
4: 
5: /*top*/
6: int main() {return 0;}
7: int t() { void ((*volatile p)()); p = (void ((*)()))epoll_create; return 0; }
/* end */

--------------------

package configuration for openssl is not found
have_library: checking for main() in -lcrypto... -------------------- yes

"gcc -o conftest -I/rapid7-build/root/ruby/include/ruby-1.9.1/i686-linux -I/rapid7-build/root/ruby/include/ruby-1.9.1/ruby/backward -I/rapid7-build/root/ruby/include/ruby-1.9.1 -I. -I/include/include -I/rapid7-build/root/include -D_FILE_OFFSET_BITS=64 -I/rapid7-build/root/include -I/rapid7-build/root/include -O0 -ggdb conftest.c  -L. -L/rapid7-build/root/ruby/lib -Wl,-R/rapid7-build/root/ruby/lib -L/include/lib -Wl,-R/include/lib -L. -L/rapid7-build/root/lib -rdynamic -Wl,-export-dynamic     -Wl,-R -Wl,/rapid7-build/root/ruby/lib -L/rapid7-build/root/ruby/lib -lruby-static -lcrypto  -lpthread -lrt -ldl -lcrypt -lm   -lc"
checked program was:
/* begin */
1: #include "ruby.h"
2: 
3: /*top*/
4: int main() {return 0;}
5: int t() { void ((*volatile p)()); p = (void ((*)()))main; return 0; }
/* end */

--------------------

have_library: checking for main() in -lssl... -------------------- yes

"gcc -o conftest -I/rapid7-build/root/ruby/include/ruby-1.9.1/i686-linux -I/rapid7-build/root/ruby/include/ruby-1.9.1/ruby/backward -I/rapid7-build/root/ruby/include/ruby-1.9.1 -I. -I/include/include -I/rapid7-build/root/include -D_FILE_OFFSET_BITS=64 -I/rapid7-build/root/include -I/rapid7-build/root/include -O0 -ggdb conftest.c  -L. -L/rapid7-build/root/ruby/lib -Wl,-R/rapid7-build/root/ruby/lib -L/include/lib -Wl,-R/include/lib -L. -L/rapid7-build/root/lib -rdynamic -Wl,-export-dynamic    -lcrypto  -Wl,-R -Wl,/rapid7-build/root/ruby/lib -L/rapid7-build/root/ruby/lib -lruby-static -lssl -lcrypto  -lpthread -lrt -ldl -lcrypt -lm   -lc"
checked program was:
/* begin */
1: #include "ruby.h"
2: 
3: /*top*/
4: int main() {return 0;}
5: int t() { void ((*volatile p)()); p = (void ((*)()))main; return 0; }
/* end */

--------------------

have_library: checking for main() in -lcrypto... -------------------- yes

"gcc -o conftest -I/rapid7-build/root/ruby/include/ruby-1.9.1/i686-linux -I/rapid7-build/root/ruby/include/ruby-1.9.1/ruby/backward -I/rapid7-build/root/ruby/include/ruby-1.9.1 -I. -I/include/include -I/rapid7-build/root/include -D_FILE_OFFSET_BITS=64 -I/rapid7-build/root/include -I/rapid7-build/root/include -O0 -ggdb conftest.c  -L. -L/rapid7-build/root/ruby/lib -Wl,-R/rapid7-build/root/ruby/lib -L/include/lib -Wl,-R/include/lib -L. -L/rapid7-build/root/lib -rdynamic -Wl,-export-dynamic    -lssl -lcrypto  -Wl,-R -Wl,/rapid7-build/root/ruby/lib -L/rapid7-build/root/ruby/lib -lruby-static -lcrypto -lssl -lcrypto  -lpthread -lrt -ldl -lcrypt -lm   -lc"
checked program was:
/* begin */
1: #include "ruby.h"
2: 
3: /*top*/
4: int main() {return 0;}
5: int t() { void ((*volatile p)()); p = (void ((*)()))main; return 0; }
/* end */

--------------------

have_header: checking for openssl/ssl.h... -------------------- yes

"gcc -E -I/rapid7-build/root/ruby/include/ruby-1.9.1/i686-linux -I/rapid7-build/root/ruby/include/ruby-1.9.1/ruby/backward -I/rapid7-build/root/ruby/include/ruby-1.9.1 -I. -I/include/include -I/rapid7-build/root/include -D_FILE_OFFSET_BITS=64 -I/rapid7-build/root/include -I/rapid7-build/root/include -O0 -ggdb  conftest.c -o conftest.i"
checked program was:
/* begin */
1: #include "ruby.h"
2: 
3: #include <openssl/ssl.h>
/* end */

--------------------

have_header: checking for openssl/err.h... -------------------- yes

"gcc -E -I/rapid7-build/root/ruby/include/ruby-1.9.1/i686-linux -I/rapid7-build/root/ruby/include/ruby-1.9.1/ruby/backward -I/rapid7-build/root/ruby/include/ruby-1.9.1 -I. -I/include/include -I/rapid7-build/root/include -D_FILE_OFFSET_BITS=64 -I/rapid7-build/root/include -I/rapid7-build/root/include -O0 -ggdb  conftest.c -o conftest.i"
checked program was:
/* begin */
1: #include "ruby.h"
2: 
3: #include <openssl/err.h>
/* end */

--------------------

"g++ -o conftest -I/rapid7-build/root/ruby/include/ruby-1.9.1/i686-linux -I/rapid7-build/root/ruby/include/ruby-1.9.1/ruby/backward -I/rapid7-build/root/ruby/include/ruby-1.9.1 -I. -I/include/include -I/rapid7-build/root/include -D_FILE_OFFSET_BITS=64 -I/rapid7-build/root/include -I/rapid7-build/root/include -O0 -ggdb conftest.c  -L. -L/rapid7-build/root/ruby/lib -Wl,-R/rapid7-build/root/ruby/lib -L/include/lib -Wl,-R/include/lib -L. -L/rapid7-build/root/lib -rdynamic -Wl,-export-dynamic    -lcrypto -lssl -lcrypto  -Wl,-R -Wl,/rapid7-build/root/ruby/lib -L/rapid7-build/root/ruby/lib -lruby-static -lstdc++ -lpthread -lrt -ldl -lcrypt -lm   -lc"
checked program was:
/* begin */
1: #include "ruby.h"
2: 
3:   #include <utility>
4:   using namespace std;
5:   int main(){ pair<int,int> tuple = make_pair(1,2); }
/* end */

