have_header: checking for windows.h... -------------------- yes

"gcc -o conftest -IC:/ruby/include/ruby-1.9.1/i386-mingw32 -IC:/ruby/include/ruby-1.9.1/ruby/backward -IC:/ruby/include/ruby-1.9.1 -I.     -O3 -fno-omit-frame-pointer -g -Wextra -Wno-unused-parameter -Wno-parentheses -Wno-long-long -Wno-missing-field-initializers -Wpointer-arith -Wwrite-strings -Wdeclaration-after-statement -Wimplicit-function-declaration conftest.c  -L. -LC:/ruby/lib -L.      -lmsvcrt-ruby191  -lshell32 -lws2_32 -limagehlp  "
checked program was:
/* begin */
1: #include "ruby.h"
2: 
3: #include <winsock2.h>
4: #include <windows.h>
5: int main() {return 0;}
/* end */

"gcc -E -IC:/ruby/include/ruby-1.9.1/i386-mingw32 -IC:/ruby/include/ruby-1.9.1/ruby/backward -IC:/ruby/include/ruby-1.9.1 -I.     -O3 -fno-omit-frame-pointer -g -Wextra -Wno-unused-parameter -Wno-parentheses -Wno-long-long -Wno-missing-field-initializers -Wpointer-arith -Wwrite-strings -Wdeclaration-after-statement -Wimplicit-function-declaration  conftest.c -o conftest.i"
checked program was:
/* begin */
1: #include "ruby.h"
2: 
3: #include <winsock2.h>
4: #include <windows.h>
5: #include <windows.h>
/* end */

--------------------

have_header: checking for winsock.h... -------------------- yes

"gcc -E -IC:/ruby/include/ruby-1.9.1/i386-mingw32 -IC:/ruby/include/ruby-1.9.1/ruby/backward -IC:/ruby/include/ruby-1.9.1 -I.     -O3 -fno-omit-frame-pointer -g -Wextra -Wno-unused-parameter -Wno-parentheses -Wno-long-long -Wno-missing-field-initializers -Wpointer-arith -Wwrite-strings -Wdeclaration-after-statement -Wimplicit-function-declaration  conftest.c -o conftest.i"
checked program was:
/* begin */
1: #include "ruby.h"
2: 
3: #include <winsock2.h>
4: #include <windows.h>
5: #include <winsock.h>
/* end */

--------------------

have_library: checking for main() in -lkernel32... -------------------- yes

"gcc -o conftest -IC:/ruby/include/ruby-1.9.1/i386-mingw32 -IC:/ruby/include/ruby-1.9.1/ruby/backward -IC:/ruby/include/ruby-1.9.1 -I.     -O3 -fno-omit-frame-pointer -g -Wextra -Wno-unused-parameter -Wno-parentheses -Wno-long-long -Wno-missing-field-initializers -Wpointer-arith -Wwrite-strings -Wdeclaration-after-statement -Wimplicit-function-declaration conftest.c  -L. -LC:/ruby/lib -L.      -lmsvcrt-ruby191 -lkernel32  -lshell32 -lws2_32 -limagehlp  "
checked program was:
/* begin */
1: #include "ruby.h"
2: 
3: #include <winsock2.h>
4: #include <windows.h>
5: 
6: /*top*/
7: int main() {return 0;}
8: int t() { void ((*volatile p)()); p = (void ((*)()))main; return 0; }
/* end */

--------------------

have_library: checking for main() in -lrpcrt4... -------------------- yes

"gcc -o conftest -IC:/ruby/include/ruby-1.9.1/i386-mingw32 -IC:/ruby/include/ruby-1.9.1/ruby/backward -IC:/ruby/include/ruby-1.9.1 -I.     -O3 -fno-omit-frame-pointer -g -Wextra -Wno-unused-parameter -Wno-parentheses -Wno-long-long -Wno-missing-field-initializers -Wpointer-arith -Wwrite-strings -Wdeclaration-after-statement -Wimplicit-function-declaration conftest.c  -L. -LC:/ruby/lib -L.     -lkernel32  -lmsvcrt-ruby191 -lrpcrt4 -lkernel32  -lshell32 -lws2_32 -limagehlp  "
checked program was:
/* begin */
1: #include "ruby.h"
2: 
3: #include <winsock2.h>
4: #include <windows.h>
5: 
6: /*top*/
7: int main() {return 0;}
8: int t() { void ((*volatile p)()); p = (void ((*)()))main; return 0; }
/* end */

--------------------

have_library: checking for main() in -lgdi32... -------------------- yes

"gcc -o conftest -IC:/ruby/include/ruby-1.9.1/i386-mingw32 -IC:/ruby/include/ruby-1.9.1/ruby/backward -IC:/ruby/include/ruby-1.9.1 -I.     -O3 -fno-omit-frame-pointer -g -Wextra -Wno-unused-parameter -Wno-parentheses -Wno-long-long -Wno-missing-field-initializers -Wpointer-arith -Wwrite-strings -Wdeclaration-after-statement -Wimplicit-function-declaration conftest.c  -L. -LC:/ruby/lib -L.     -lrpcrt4 -lkernel32  -lmsvcrt-ruby191 -lgdi32 -lrpcrt4 -lkernel32  -lshell32 -lws2_32 -limagehlp  "
checked program was:
/* begin */
1: #include "ruby.h"
2: 
3: #include <winsock2.h>
4: #include <windows.h>
5: 
6: /*top*/
7: int main() {return 0;}
8: int t() { void ((*volatile p)()); p = (void ((*)()))main; return 0; }
/* end */

--------------------

